<?xml version="1.0" encoding="UTF-8"?>
<testsuite xmlns:xsi="http://www.w3.org/2001/XMLSchema-instance" xsi:noNamespaceSchemaLocation="https://maven.apache.org/surefire/maven-surefire-plugin/xsd/surefire-test-report-3.0.xsd" version="3.0" name="ie.atu.StudentTest" time="0.067" tests="8" errors="0" skipped="0" failures="0">
  <properties>
[...]
</properties>
  <testcase name="TestPhoneLengthFail" classname="ie.atu.StudentTest" time="0.034"/>
  <testcase name="TestEmailFail" classname="ie.atu.StudentTest" time="0.001"/>
  <testcase name="TestEmailPass" classname="ie.atu.StudentTest" time="0.001"/>
  <testcase name="TestAgeFail" classname="ie.atu.StudentTest" time="0.001"/>
  <testcase name="TestAgePass" classname="ie.atu.StudentTest" time="0.002"/>
  <testcase name="TestNameLengthFail" classname="ie.atu.StudentTest" time="0.002"/>
  <testcase name="TestPhoneLength" classname="ie.atu.StudentTest" time="0.001"/>
  <testcase name="TestNameLength" classname="ie.atu.StudentTest" time="0.001"/>
</testsuite>